{
  "status": 1,
  "message": "Cucumber Execution failed",
  "details": {
    "buildFailure": true,
    "failures": 1,
    "errors": 0,
    "output": "[INFO] Scanning for projects...\r\n[INFO] \r\n[INFO] ------------------< com.orangehrm:bdd-framework-java >------------------\r\n[INFO] Building OrangeHRM BDD Framework 1.0\r\n[INFO]   from pom.xml\r\n[INFO] --------------------------------[ jar ]---------------------------------\r\n[INFO] \r\n[INFO] --- clean:3.2.0:clean (default-clean) @ bdd-framework-java ---\r\n[INFO] Deleting C:\\Users\\tgt661\\eclipse-workspace\\bdd_cucumber_terra\\target\r\n[INFO] \r\n[INFO] --- resources:3.3.1:resources (default-resources) @ bdd-framework-java ---\r\n[WARNING] Using platform encoding (Cp1252 actually) to copy filtered resources, i.e. build is platform dependent!\r\n[INFO] Copying 0 resource from src\\main\\resources to target\\classes\r\n[INFO] \r\n[INFO] --- compiler:3.13.0:compile (default-compile) @ bdd-framework-java ---\r\n[INFO] Nothing to compile - all classes are up to date.\r\n[INFO] \r\n[INFO] --- resources:3.3.1:testResources (default-testResources) @ bdd-framework-java ---\r\n[WARNING] Using platform encoding (Cp1252 actually) to copy filtered resources, i.e. build is platform dependent!\r\n[INFO] Copying 4 resources from src\\test\\resources to target\\test-classes\r\n[INFO] \r\n[INFO] --- compiler:3.13.0:testCompile (default-testCompile) @ bdd-framework-java ---\r\n[INFO] Recompiling the module because of changed source code.\r\n[WARNING] File encoding has not been set, using platform encoding windows-1252, i.e. build is platform dependent!\r\n[INFO] Compiling 13 source files with javac [debug target 1.8] to target\\test-classes\r\n[WARNING] bootstrap class path not set in conjunction with -source 8\r\n[INFO] \r\n[INFO] --- surefire:3.2.5:test (default-test) @ bdd-framework-java ---\r\n[INFO] Using configured provider org.apache.maven.surefire.testng.TestNGProvider\r\n[INFO] \r\n[INFO] -------------------------------------------------------\r\n[INFO]  T E S T S\r\n[INFO] -------------------------------------------------------\r\n[INFO] Running TestSuite\r\n...\n... TestNG 7.10.2 by C�dric Beust (cedric@beust.com)\n...\n\r\n\r\n@smoke @regression\r\nScenario: Successful login with valid credentials           # src/test/resources/features/OHRM_login.feature:4\r\nConfig file loaded successfully.\r\nNavigating to OrangeHRM login page...\r\nOpened URL: https://opensource-demo.orangehrmlive.com/web/index.php/auth/login\r\n  Given I navigate to the OrangeHRM login page              # stepDefinitions.LoginSteps.iNavigateToLoginPage()\r\nEntering username: Admin\r\nEntered username: Admin\r\n  When I enter valid username \"Admin\"                       # stepDefinitions.LoginSteps.enterUsername(java.lang.String)\r\nEntering password: [PROTECTED]\r\nEntered password.\r\n  And I enter valid password \"admin123\"                     # stepDefinitions.LoginSteps.enterPassword(java.lang.String)\r\nClicking Login button...\r\n  And I click on Login button                               # stepDefinitions.LoginSteps.clickLogin()\r\n      org.openqa.selenium.TimeoutException: Expected condition failed: waiting for element to be clickable: By.xpath: //button[normalize-space()='Login'] (tried for 10 second(s) with 500 milliseconds interval)\nBuild info: version: '4.25.0', revision: '8a8aea2337'\nSystem info: os.name: 'Windows 11', os.arch: 'amd64', os.version: '10.0', java.version: '17.0.14'\nDriver info: org.openqa.selenium.chrome.ChromeDriver\nCapabilities {acceptInsecureCerts: false, browserName: chrome, browserVersion: 141.0.7390.77, chrome: {chromedriverVersion: 141.0.7390.78 (2b53b0e231fc..., userDataDir: C:\\Users\\tgt661\\AppData\\Loc...}, fedcm:accounts: true, goog:chromeOptions: {debuggerAddress: localhost:56621}, networkConnectionEnabled: false, pageLoadStrategy: normal, platformName: windows, proxy: Proxy(), se:cdp: ws://localhost:56621/devtoo..., se:cdpVersion: 141.0.7390.77, setWindowRect: true, strictFileInteractability: false, timeouts: {implicit: 0, pageLoad: 300000, script: 30000}, unhandledPromptBehavior: dismiss and notify, webauthn:extension:credBlob: true, webauthn:extension:largeBlob: true, webauthn:extension:minPinLength: true, webauthn:extension:prf: true, webauthn:virtualAuthenticators: true}\nSession ID: da33366efe6d6c9d0e2c02907f031f30\r\n\tat org.openqa.selenium.support.ui.WebDriverWait.timeoutException(WebDriverWait.java:84)\r\n\tat org.openqa.selenium.support.ui.FluentWait.until(FluentWait.java:228)\r\n\tat pageObjects.LoginPage.clickLogin(LoginPage.java:45)\r\n\tat stepDefinitions.LoginSteps.clickLogin(LoginSteps.java:44)\r\n\tat ✽.I click on Login button(file:///C:/Users/tgt661/eclipse-workspace/bdd_cucumber_terra/src/test/resources/features/OHRM_login.feature:8)\r\n\r\n  Then I should be redirected to the dashboard              # stepDefinitions.LoginSteps.i_should_be_redirected_to_the_dashboard()\r\n  And I should see the Dashboard                            # stepDefinitions.LoginSteps.verifyDashboard()\r\n  When I click on the user dropdown in the top-right corner # stepDefinitions.LoginSteps.i_click_on_the_user_dropdown_in_the_top_right_corner()\r\n  And I select Logout                                       # stepDefinitions.LoginSteps.i_select_logout()\r\n  Then I should be redirected to the login page             # stepDefinitions.LoginSteps.i_should_be_redirected_to_the_login_page()\r\n  And I should see the Login button                         # stepDefinitions.LoginSteps.i_should_see_the_login_button()\r\n[ERROR] Tests run: 1, Failures: 1, Errors: 0, Skipped: 0, Time elapsed: 26.07 s <<< FAILURE! -- in TestSuite\r\n[ERROR] runners.CucumberTest_testng.runScenario[\"Successful login with valid credentials\", \"OrangeHRM Login\"](1) -- Time elapsed: 23.70 s <<< FAILURE!\r\norg.openqa.selenium.TimeoutException: \nExpected condition failed: waiting for element to be clickable: By.xpath: //button[normalize-space()='Login'] (tried for 10 second(s) with 500 milliseconds interval)\nBuild info: version: '4.25.0', revision: '8a8aea2337'\nSystem info: os.name: 'Windows 11', os.arch: 'amd64', os.version: '10.0', java.version: '17.0.14'\nDriver info: org.openqa.selenium.chrome.ChromeDriver\nCapabilities {acceptInsecureCerts: false, browserName: chrome, browserVersion: 141.0.7390.77, chrome: {chromedriverVersion: 141.0.7390.78 (2b53b0e231fc..., userDataDir: C:\\Users\\tgt661\\AppData\\Loc...}, fedcm:accounts: true, goog:chromeOptions: {debuggerAddress: localhost:56621}, networkConnectionEnabled: false, pageLoadStrategy: normal, platformName: windows, proxy: Proxy(), se:cdp: ws://localhost:56621/devtoo..., se:cdpVersion: 141.0.7390.77, setWindowRect: true, strictFileInteractability: false, timeouts: {implicit: 0, pageLoad: 300000, script: 30000}, unhandledPromptBehavior: dismiss and notify, webauthn:extension:credBlob: true, webauthn:extension:largeBlob: true, webauthn:extension:minPinLength: true, webauthn:extension:prf: true, webauthn:virtualAuthenticators: true}\nSession ID: da33366efe6d6c9d0e2c02907f031f30\r\n\tat org.openqa.selenium.support.ui.WebDriverWait.timeoutException(WebDriverWait.java:84)\r\n\tat org.openqa.selenium.support.ui.FluentWait.until(FluentWait.java:228)\r\n\tat pageObjects.LoginPage.clickLogin(LoginPage.java:45)\r\n\tat stepDefinitions.LoginSteps.clickLogin(LoginSteps.java:44)\r\n\tat ?.I click on Login button(file:///C:/Users/tgt661/eclipse-workspace/bdd_cucumber_terra/src/test/resources/features/OHRM_login.feature:8)\r\n\r\n[INFO] \r\n[INFO] Results:\r\n[INFO] \r\n[ERROR] Failures: \r\n[ERROR]   CucumberTest_testng.runScenario � Timeout Expected condition failed: waiting for element to be clickable: By.xpath: //button[normalize-space()='Login'] (tried for 10 second(s) with 500 milliseconds interval)\nBuild info: version: '4.25.0', revision: '8a8aea2337'\nSystem info: os.name: 'Windows 11', os.arch: 'amd64', os.version: '10.0', java.version: '17.0.14'\nDriver info: org.openqa.selenium.chrome.ChromeDriver\nCapabilities {acceptInsecureCerts: false, browserName: chrome, browserVersion: 141.0.7390.77, chrome: {chromedriverVersion: 141.0.7390.78 (2b53b0e231fc..., userDataDir: C:\\Users\\tgt661\\AppData\\Loc...}, fedcm:accounts: true, goog:chromeOptions: {debuggerAddress: localhost:56621}, networkConnectionEnabled: false, pageLoadStrategy: normal, platformName: windows, proxy: Proxy(), se:cdp: ws://localhost:56621/devtoo..., se:cdpVersion: 141.0.7390.77, setWindowRect: true, strictFileInteractability: false, timeouts: {implicit: 0, pageLoad: 300000, script: 30000}, unhandledPromptBehavior: dismiss and notify, webauthn:extension:credBlob: true, webauthn:extension:largeBlob: true, webauthn:extension:minPinLength: true, webauthn:extension:prf: true, webauthn:virtualAuthenticators: true}\nSession ID: da33366efe6d6c9d0e2c02907f031f30\r\n[INFO] \r\n[ERROR] Tests run: 1, Failures: 1, Errors: 0, Skipped: 0\r\n[INFO] \r\n[INFO] ------------------------------------------------------------------------\r\n[INFO] BUILD FAILURE\r\n[INFO] ------------------------------------------------------------------------\r\n[INFO] Total time:  36.639 s\r\n[INFO] Finished at: 2025-10-16T14:38:15+05:30\r\n[INFO] ------------------------------------------------------------------------\r\n[ERROR] Failed to execute goal org.apache.maven.plugins:maven-surefire-plugin:3.2.5:test (default-test) on project bdd-framework-java: There are test failures.\r\n[ERROR] \r\n[ERROR] Please refer to C:\\Users\\tgt661\\eclipse-workspace\\bdd_cucumber_terra\\target\\surefire-reports for the individual test results.\r\n[ERROR] Please refer to dump files (if any exist) [date].dump, [date]-jvmRun[N].dump and [date].dumpstream.\r\n[ERROR] -> [Help 1]\r\n[ERROR] \r\n[ERROR] To see the full stack trace of the errors, re-run Maven with the -e switch.\r\n[ERROR] Re-run Maven using the -X switch to enable full debug logging.\r\n[ERROR] \r\n[ERROR] For more information about the errors and possible solutions, please read the following articles:\r\n[ERROR] [Help 1] http://cwiki.apache.org/confluence/display/MAVEN/MojoFailureException\r\n\nSLF4J: Failed to load class \"org.slf4j.impl.StaticLoggerBinder\".\r\nSLF4J: Defaulting to no-operation (NOP) logger implementation\r\nSLF4J: See http://www.slf4j.org/codes.html#StaticLoggerBinder for further details.\r\nOct 16, 2025 2:37:55 PM org.openqa.selenium.devtools.CdpVersionFinder findNearestMatch\r\nWARNING: Unable to find CDP implementation matching 141\r\nOct 16, 2025 2:37:55 PM org.openqa.selenium.chromium.ChromiumDriver lambda$new$5\r\nWARNING: Unable to find version of CDP to use for 141.0.7390.77. You may need to include a dependency on a specific version of the CDP using something similar to `org.seleniumhq.selenium:selenium-devtools-v86:4.25.0` where the version (\"v86\") matches the version of the chromium-based browser you're using and the version number of the artifact is the same as Selenium's.\r\n"
  },
  "mavenLog": "C:\\Users\\TGT661\\eclipse-workspace\\bdd_cucumber_terra\\target\\maven-combined.log",
  "timestamp": "2025-10-16T09:08:15.344Z"
}