[INFO] Scanning for projects...
[INFO] 
[INFO] ------------------< com.orangehrm:bdd-framework-java >------------------
[INFO] Building OrangeHRM BDD Framework 1.0
[INFO]   from pom.xml
[INFO] --------------------------------[ jar ]---------------------------------
[INFO] 
[INFO] --- clean:3.2.0:clean (default-clean) @ bdd-framework-java ---
[INFO] Deleting C:\Users\tgt661\eclipse-workspace\bdd_cucumber_terra\target
[INFO] 
[INFO] --- resources:3.3.1:resources (default-resources) @ bdd-framework-java ---
[WARNING] Using platform encoding (Cp1252 actually) to copy filtered resources, i.e. build is platform dependent!
[INFO] Copying 0 resource from src\main\resources to target\classes
[INFO] 
[INFO] --- compiler:3.13.0:compile (default-compile) @ bdd-framework-java ---
[INFO] Nothing to compile - all classes are up to date.
[INFO] 
[INFO] --- resources:3.3.1:testResources (default-testResources) @ bdd-framework-java ---
[WARNING] Using platform encoding (Cp1252 actually) to copy filtered resources, i.e. build is platform dependent!
[INFO] Copying 4 resources from src\test\resources to target\test-classes
[INFO] 
[INFO] --- compiler:3.13.0:testCompile (default-testCompile) @ bdd-framework-java ---
[INFO] Recompiling the module because of changed source code.
[WARNING] File encoding has not been set, using platform encoding windows-1252, i.e. build is platform dependent!
[INFO] Compiling 13 source files with javac [debug target 1.8] to target\test-classes
[WARNING] bootstrap class path not set in conjunction with -source 8
[INFO] 
[INFO] --- surefire:3.2.5:test (default-test) @ bdd-framework-java ---
[INFO] Using configured provider org.apache.maven.surefire.testng.TestNGProvider
[INFO] 
[INFO] -------------------------------------------------------
[INFO]  T E S T S
[INFO] -------------------------------------------------------
[INFO] Running TestSuite
...
... TestNG 7.10.2 by C�dric Beust (cedric@beust.com)
...


@smoke @regression
Scenario: Successful login with valid credentials           # src/test/resources/features/OHRM_login.feature:4
Config file loaded successfully.
Navigating to OrangeHRM login page...
Opened URL: https://opensource-demo.orangehrmlive.com/web/index.php/auth/login
  Given I navigate to the OrangeHRM login page              # stepDefinitions.LoginSteps.iNavigateToLoginPage()
Entering username: Admin
Entered username: Admin
  When I enter valid username "Admin"                       # stepDefinitions.LoginSteps.enterUsername(java.lang.String)
Entering password: [PROTECTED]
Entered password.
  And I enter valid password "admin123"                     # stepDefinitions.LoginSteps.enterPassword(java.lang.String)
Clicking Login button...
  And I click on Login button                               # stepDefinitions.LoginSteps.clickLogin()
      org.openqa.selenium.TimeoutException: Expected condition failed: waiting for element to be clickable: By.xpath: //button[normalize-space()='Login'] (tried for 10 second(s) with 500 milliseconds interval)
Build info: version: '4.25.0', revision: '8a8aea2337'
System info: os.name: 'Windows 11', os.arch: 'amd64', os.version: '10.0', java.version: '17.0.14'
Driver info: org.openqa.selenium.chrome.ChromeDriver
Capabilities {acceptInsecureCerts: false, browserName: chrome, browserVersion: 141.0.7390.77, chrome: {chromedriverVersion: 141.0.7390.78 (2b53b0e231fc..., userDataDir: C:\Users\tgt661\AppData\Loc...}, fedcm:accounts: true, goog:chromeOptions: {debuggerAddress: localhost:56621}, networkConnectionEnabled: false, pageLoadStrategy: normal, platformName: windows, proxy: Proxy(), se:cdp: ws://localhost:56621/devtoo..., se:cdpVersion: 141.0.7390.77, setWindowRect: true, strictFileInteractability: false, timeouts: {implicit: 0, pageLoad: 300000, script: 30000}, unhandledPromptBehavior: dismiss and notify, webauthn:extension:credBlob: true, webauthn:extension:largeBlob: true, webauthn:extension:minPinLength: true, webauthn:extension:prf: true, webauthn:virtualAuthenticators: true}
Session ID: da33366efe6d6c9d0e2c02907f031f30
	at org.openqa.selenium.support.ui.WebDriverWait.timeoutException(WebDriverWait.java:84)
	at org.openqa.selenium.support.ui.FluentWait.until(FluentWait.java:228)
	at pageObjects.LoginPage.clickLogin(LoginPage.java:45)
	at stepDefinitions.LoginSteps.clickLogin(LoginSteps.java:44)
	at ✽.I click on Login button(file:///C:/Users/tgt661/eclipse-workspace/bdd_cucumber_terra/src/test/resources/features/OHRM_login.feature:8)

  Then I should be redirected to the dashboard              # stepDefinitions.LoginSteps.i_should_be_redirected_to_the_dashboard()
  And I should see the Dashboard                            # stepDefinitions.LoginSteps.verifyDashboard()
  When I click on the user dropdown in the top-right corner # stepDefinitions.LoginSteps.i_click_on_the_user_dropdown_in_the_top_right_corner()
  And I select Logout                                       # stepDefinitions.LoginSteps.i_select_logout()
  Then I should be redirected to the login page             # stepDefinitions.LoginSteps.i_should_be_redirected_to_the_login_page()
  And I should see the Login button                         # stepDefinitions.LoginSteps.i_should_see_the_login_button()
[ERROR] Tests run: 1, Failures: 1, Errors: 0, Skipped: 0, Time elapsed: 26.07 s <<< FAILURE! -- in TestSuite
[ERROR] runners.CucumberTest_testng.runScenario["Successful login with valid credentials", "OrangeHRM Login"](1) -- Time elapsed: 23.70 s <<< FAILURE!
org.openqa.selenium.TimeoutException: 
Expected condition failed: waiting for element to be clickable: By.xpath: //button[normalize-space()='Login'] (tried for 10 second(s) with 500 milliseconds interval)
Build info: version: '4.25.0', revision: '8a8aea2337'
System info: os.name: 'Windows 11', os.arch: 'amd64', os.version: '10.0', java.version: '17.0.14'
Driver info: org.openqa.selenium.chrome.ChromeDriver
Capabilities {acceptInsecureCerts: false, browserName: chrome, browserVersion: 141.0.7390.77, chrome: {chromedriverVersion: 141.0.7390.78 (2b53b0e231fc..., userDataDir: C:\Users\tgt661\AppData\Loc...}, fedcm:accounts: true, goog:chromeOptions: {debuggerAddress: localhost:56621}, networkConnectionEnabled: false, pageLoadStrategy: normal, platformName: windows, proxy: Proxy(), se:cdp: ws://localhost:56621/devtoo..., se:cdpVersion: 141.0.7390.77, setWindowRect: true, strictFileInteractability: false, timeouts: {implicit: 0, pageLoad: 300000, script: 30000}, unhandledPromptBehavior: dismiss and notify, webauthn:extension:credBlob: true, webauthn:extension:largeBlob: true, webauthn:extension:minPinLength: true, webauthn:extension:prf: true, webauthn:virtualAuthenticators: true}
Session ID: da33366efe6d6c9d0e2c02907f031f30
	at org.openqa.selenium.support.ui.WebDriverWait.timeoutException(WebDriverWait.java:84)
	at org.openqa.selenium.support.ui.FluentWait.until(FluentWait.java:228)
	at pageObjects.LoginPage.clickLogin(LoginPage.java:45)
	at stepDefinitions.LoginSteps.clickLogin(LoginSteps.java:44)
	at ?.I click on Login button(file:///C:/Users/tgt661/eclipse-workspace/bdd_cucumber_terra/src/test/resources/features/OHRM_login.feature:8)

[INFO] 
[INFO] Results:
[INFO] 
[ERROR] Failures: 
[ERROR]   CucumberTest_testng.runScenario � Timeout Expected condition failed: waiting for element to be clickable: By.xpath: //button[normalize-space()='Login'] (tried for 10 second(s) with 500 milliseconds interval)
Build info: version: '4.25.0', revision: '8a8aea2337'
System info: os.name: 'Windows 11', os.arch: 'amd64', os.version: '10.0', java.version: '17.0.14'
Driver info: org.openqa.selenium.chrome.ChromeDriver
Capabilities {acceptInsecureCerts: false, browserName: chrome, browserVersion: 141.0.7390.77, chrome: {chromedriverVersion: 141.0.7390.78 (2b53b0e231fc..., userDataDir: C:\Users\tgt661\AppData\Loc...}, fedcm:accounts: true, goog:chromeOptions: {debuggerAddress: localhost:56621}, networkConnectionEnabled: false, pageLoadStrategy: normal, platformName: windows, proxy: Proxy(), se:cdp: ws://localhost:56621/devtoo..., se:cdpVersion: 141.0.7390.77, setWindowRect: true, strictFileInteractability: false, timeouts: {implicit: 0, pageLoad: 300000, script: 30000}, unhandledPromptBehavior: dismiss and notify, webauthn:extension:credBlob: true, webauthn:extension:largeBlob: true, webauthn:extension:minPinLength: true, webauthn:extension:prf: true, webauthn:virtualAuthenticators: true}
Session ID: da33366efe6d6c9d0e2c02907f031f30
[INFO] 
[ERROR] Tests run: 1, Failures: 1, Errors: 0, Skipped: 0
[INFO] 
[INFO] ------------------------------------------------------------------------
[INFO] BUILD FAILURE
[INFO] ------------------------------------------------------------------------
[INFO] Total time:  36.639 s
[INFO] Finished at: 2025-10-16T14:38:15+05:30
[INFO] ------------------------------------------------------------------------
[ERROR] Failed to execute goal org.apache.maven.plugins:maven-surefire-plugin:3.2.5:test (default-test) on project bdd-framework-java: There are test failures.
[ERROR] 
[ERROR] Please refer to C:\Users\tgt661\eclipse-workspace\bdd_cucumber_terra\target\surefire-reports for the individual test results.
[ERROR] Please refer to dump files (if any exist) [date].dump, [date]-jvmRun[N].dump and [date].dumpstream.
[ERROR] -> [Help 1]
[ERROR] 
[ERROR] To see the full stack trace of the errors, re-run Maven with the -e switch.
[ERROR] Re-run Maven using the -X switch to enable full debug logging.
[ERROR] 
[ERROR] For more information about the errors and possible solutions, please read the following articles:
[ERROR] [Help 1] http://cwiki.apache.org/confluence/display/MAVEN/MojoFailureException

SLF4J: Failed to load class "org.slf4j.impl.StaticLoggerBinder".
SLF4J: Defaulting to no-operation (NOP) logger implementation
SLF4J: See http://www.slf4j.org/codes.html#StaticLoggerBinder for further details.
Oct 16, 2025 2:37:55 PM org.openqa.selenium.devtools.CdpVersionFinder findNearestMatch
WARNING: Unable to find CDP implementation matching 141
Oct 16, 2025 2:37:55 PM org.openqa.selenium.chromium.ChromiumDriver lambda$new$5
WARNING: Unable to find version of CDP to use for 141.0.7390.77. You may need to include a dependency on a specific version of the CDP using something similar to `org.seleniumhq.selenium:selenium-devtools-v86:4.25.0` where the version ("v86") matches the version of the chromium-based browser you're using and the version number of the artifact is the same as Selenium's.
